type IcaClose struct{
    Application    ApiObject    `json:"application"`
    FlowId    string    `json:"flowId"`
    Client    ApiObject    `json:"client"`
    ClientAddr    ApiObject    `json:"clientAddr"`
    ClientAddr    ApiObject    `json:"clientAddr"`
    ClientPort    int    `json:"clientPort"`
    Server    ApiObject    `json:"server"`
    ServerAddr    ApiObject    `json:"serverAddr"`
    ServerAddr    ApiObject    `json:"serverAddr"`
    ServerPort    int    `json:"serverPort"`
    ClientZeroWnd    int    `json:"clientZeroWnd"`
    ServerZeroWnd    int    `json:"serverZeroWnd"`
    AuthDomain    string    `json:"authDomain"`
    Client    string    `json:"client"`
    Host    string    `json:"host"`
    User    string    `json:"user"`
    IsAborted    bool    `json:"isAborted"`
    IsCleanShutdown    bool    `json:"isCleanShutdown"`
    IsEncrypted    bool    `json:"isEncrypted"`
    IsSharedSession    bool    `json:"isSharedSession"`
    LaunchParams    string    `json:"launchParams"`
    LoadTime    int    `json:"loadTime"`
    LoginTime    int    `json:"loginTime"`
    RoundTripTime    int    `json:"roundTripTime"`
    ClientBytes    int    `json:"clientBytes"`
    ClientL2Bytes    int    `json:"clientL2Bytes"`
    ClientPkts    int    `json:"clientPkts"`
    ClientRTO    int    `json:"clientRTO"`
    ClientType    string    `json:"clientType"`
    ServerBytes    int    `json:"serverBytes"`
    ServerL2Bytes    int    `json:"serverL2Bytes"`
    ServerPkts    int    `json:"serverPkts"`
    ServerRTO    int    `json:"serverRTO"`
    Vlan    int    `json:"vlan"`
    Program    string    `json:"program"`
    
}